c:\users\s182106\documents\visual studio 2015\projects\tbsg\resources\shaders\particlevs.cso
c:\users\s182106\documents\visual studio 2015\projects\tbsg\resources\shaders\particlegs.cso
c:\users\s182106\documents\visual studio 2015\projects\tbsg\resources\shaders\particleps.cso
c:\users\s182106\documents\visual studio 2015\projects\tbsg\resources\fbx\bg.fbm\motos_bg.png
c:\users\s182106\documents\visual studio 2015\projects\tbsg\resources\models\bg.cmo
c:\users\s182106\documents\visual studio 2015\projects\tbsg\resources\models\_program files (x86)_microsoft visual studio 14.0_common7_ide_extensions_microsoft_vsgraphics_assets_effects_phong.dgsl.cso
c:\users\s182106\documents\visual studio 2015\projects\tbsg\resources\models\_users_s182106_documents_visual studio 2015_projects_tbsg_resources_fbx_bg.fbm_motos__bg.png.dds
c:\users\s182106\documents\visual studio 2015\projects\tbsg\resources\models\woodenbox.cmo
c:\users\s182106\documents\visual studio 2015\projects\tbsg\debug\tbsg.pch
c:\users\s182106\documents\visual studio 2015\projects\tbsg\debug\tbsg.tlog\fxc.20484.read.1.tlog
c:\users\s182106\documents\visual studio 2015\projects\tbsg\debug\tbsg.tlog\fxc.20484.write.1.tlog
c:\users\s182106\documents\visual studio 2015\projects\tbsg\debug\tbsg.tlog\fxc.20800.read.1.tlog
c:\users\s182106\documents\visual studio 2015\projects\tbsg\debug\tbsg.tlog\fxc.20800.write.1.tlog
c:\users\s182106\documents\visual studio 2015\projects\tbsg\debug\tbsg.tlog\fxc.36772.read.1.tlog
c:\users\s182106\documents\visual studio 2015\projects\tbsg\debug\tbsg.tlog\fxc.36772.write.1.tlog
c:\users\s182106\documents\visual studio 2015\projects\tbsg\debug\tbsg.tlog\fxc.command.1.tlog
c:\users\s182106\documents\visual studio 2015\projects\tbsg\debug\tbsg.tlog\meshcontenttask-vsgraphics.18228.read.1.tlog
c:\users\s182106\documents\visual studio 2015\projects\tbsg\debug\tbsg.tlog\meshcontenttask-vsgraphics.18228.write.1.tlog
c:\users\s182106\documents\visual studio 2015\projects\tbsg\debug\tbsg.tlog\meshcontenttask-vsgraphics.32084.read.1.tlog
c:\users\s182106\documents\visual studio 2015\projects\tbsg\debug\tbsg.tlog\meshcontenttask-vsgraphics.32084.write.1.tlog
c:\users\s182106\documents\visual studio 2015\projects\tbsg\debug\tbsg.tlog\tbsg.write.1u.tlog
