  Resources\FBX\bg.FBX
  Resources\FBX\enemy.FBX
  Resources\FBX\floorPanel_00.FBX
  Resources\FBX\floorPanel_01.FBX
  Resources\FBX\floorPanel_02.FBX
  Resources\FBX\floorPanel_03.FBX
  Resources\FBX\player.FBX
  Camera.cpp
  Enemy.cpp
  GameObjectManager.cpp
  IGameObject.cpp
  ObjectManager.cpp
  PlayState.cpp
  Bg.cpp
  GameWindow.cpp
  Player.cpp
  Floor.cpp
  Stage.cpp
  InfoWindow.cpp
     ライブラリ C:\Users\s182106\Documents\Visual Studio 2015\Projects\TBSG\Release\TBSG.lib とオブジェクト C:\Users\s182106\Documents\Visual Studio 2015\Projects\TBSG\Release\TBSG.exp を作成中
  コード生成しています。
  10 of 2883 functions ( 0.3%) were compiled, the rest were copied from previous compilation.
    0 functions were new in current compilation
    13 functions had inline decision re-evaluated but remain unchanged
  コード生成が終了しました。
  TBSG.vcxproj -> C:\Users\s182106\Documents\Visual Studio 2015\Projects\TBSG\Release\TBSG.exe
  TBSG.vcxproj -> C:\Users\s182106\Documents\Visual Studio 2015\Projects\TBSG\Release\TBSG.pdb (Full PDB)
  0 個のファイルをコピーしました
